npm warn config optional Use `--omit=optional` to exclude optional dependencies, or
npm warn config `--include=optional` to include them.
npm warn config
npm warn config       Default value does install optional deps unless otherwise omitted.

> settler-monorepo@1.0.0 build
> turbo run build

• Packages in scope: @settler/adapters, @settler/api, @settler/cli, @settler/protocol, @settler/react-settler, @settler/sdk, @settler/types, @settler/web
• Running build in 8 packages
• Remote caching disabled
@settler/types:typecheck: cache miss, executing 341ff3f5263bd95f
@settler/sdk:typecheck: cache miss, executing 0ef70f460daa9635
@settler/protocol:typecheck: cache miss, executing ec3e5c41e1f556bf
@settler/sdk:typecheck: npm warn config optional Use `--omit=optional` to exclude optional dependencies, or
@settler/sdk:typecheck: npm warn config `--include=optional` to include them.
@settler/sdk:typecheck: npm warn config
@settler/sdk:typecheck: npm warn config       Default value does install optional deps unless otherwise omitted.
@settler/protocol:typecheck: npm warn config optional Use `--omit=optional` to exclude optional dependencies, or
@settler/protocol:typecheck: npm warn config `--include=optional` to include them.
@settler/protocol:typecheck: npm warn config
@settler/protocol:typecheck: npm warn config       Default value does install optional deps unless otherwise omitted.
@settler/types:typecheck: npm warn config optional Use `--omit=optional` to exclude optional dependencies, or
@settler/types:typecheck: npm warn config `--include=optional` to include them.
@settler/types:typecheck: npm warn config
@settler/types:typecheck: npm warn config       Default value does install optional deps unless otherwise omitted.
@settler/sdk:typecheck: 
@settler/sdk:typecheck: > @settler/sdk@1.0.0 typecheck
@settler/sdk:typecheck: > tsc --noEmit
@settler/sdk:typecheck: 
@settler/protocol:typecheck: 
@settler/protocol:typecheck: > @settler/protocol@0.1.0 typecheck
@settler/protocol:typecheck: > tsc --noEmit
@settler/protocol:typecheck: 
@settler/types:typecheck: 
@settler/types:typecheck: > @settler/types@1.0.0 typecheck
@settler/types:typecheck: > tsc --noEmit
@settler/types:typecheck: 
@settler/types:build: cache miss, executing 14be7f3e8da13aa6
@settler/types:build: npm warn config optional Use `--omit=optional` to exclude optional dependencies, or
@settler/types:build: npm warn config `--include=optional` to include them.
@settler/types:build: npm warn config
@settler/types:build: npm warn config       Default value does install optional deps unless otherwise omitted.
@settler/types:build: 
@settler/types:build: > @settler/types@1.0.0 build
@settler/types:build: > tsc
@settler/types:build: 
@settler/protocol:build: cache miss, executing 7e22528627b59f27
@settler/protocol:build: npm warn config optional Use `--omit=optional` to exclude optional dependencies, or
@settler/protocol:build: npm warn config `--include=optional` to include them.
@settler/protocol:build: npm warn config
@settler/protocol:build: npm warn config       Default value does install optional deps unless otherwise omitted.
@settler/protocol:build: 
@settler/protocol:build: > @settler/protocol@0.1.0 build
@settler/protocol:build: > tsc
@settler/protocol:build: 
@settler/sdk:build: cache miss, executing b8fe7df153082bd0
@settler/sdk:build: npm warn config optional Use `--omit=optional` to exclude optional dependencies, or
@settler/sdk:build: npm warn config `--include=optional` to include them.
@settler/sdk:build: npm warn config
@settler/sdk:build: npm warn config       Default value does install optional deps unless otherwise omitted.
@settler/sdk:build: 
@settler/sdk:build: > @settler/sdk@1.0.0 build
@settler/sdk:build: > tsc
@settler/sdk:build: 
@settler/adapters:typecheck: cache miss, executing 4214ece3bdeda166
@settler/adapters:typecheck: npm warn config optional Use `--omit=optional` to exclude optional dependencies, or
@settler/adapters:typecheck: npm warn config `--include=optional` to include them.
@settler/adapters:typecheck: npm warn config
@settler/adapters:typecheck: npm warn config       Default value does install optional deps unless otherwise omitted.
@settler/adapters:typecheck: 
@settler/adapters:typecheck: > @settler/adapters@1.0.0 typecheck
@settler/adapters:typecheck: > tsc --noEmit
@settler/adapters:typecheck: 
@settler/react-settler:typecheck: cache miss, executing 1b50349876a1a669
@settler/react-settler:typecheck: npm warn config optional Use `--omit=optional` to exclude optional dependencies, or
@settler/react-settler:typecheck: npm warn config `--include=optional` to include them.
@settler/react-settler:typecheck: npm warn config
@settler/react-settler:typecheck: npm warn config       Default value does install optional deps unless otherwise omitted.
@settler/react-settler:typecheck: 
@settler/react-settler:typecheck: > @settler/react-settler@0.1.0 typecheck
@settler/react-settler:typecheck: > tsc --noEmit
@settler/react-settler:typecheck: 
@settler/cli:typecheck: cache miss, executing ec67339c1c87469d
@settler/cli:typecheck: npm warn config optional Use `--omit=optional` to exclude optional dependencies, or
@settler/cli:typecheck: npm warn config `--include=optional` to include them.
@settler/cli:typecheck: npm warn config
@settler/cli:typecheck: npm warn config       Default value does install optional deps unless otherwise omitted.
@settler/cli:typecheck: 
@settler/cli:typecheck: > @settler/cli@1.0.0 typecheck
@settler/cli:typecheck: > tsc --noEmit
@settler/cli:typecheck: 
@settler/adapters:build: cache miss, executing eed31d2994978b07
@settler/adapters:build: npm warn config optional Use `--omit=optional` to exclude optional dependencies, or
@settler/adapters:build: npm warn config `--include=optional` to include them.
@settler/adapters:build: npm warn config
@settler/adapters:build: npm warn config       Default value does install optional deps unless otherwise omitted.
@settler/adapters:build: 
@settler/adapters:build: > @settler/adapters@1.0.0 build
@settler/adapters:build: > tsc
@settler/adapters:build: 
@settler/react-settler:typecheck: src/utils/licensing.ts(162,9): error TS1005: '>' expected.
@settler/react-settler:typecheck: src/utils/licensing.ts(162,14): error TS1005: ')' expected.
@settler/react-settler:typecheck: src/utils/licensing.ts(162,16): error TS1136: Property assignment expected.
@settler/react-settler:typecheck: src/utils/licensing.ts(164,20): error TS1005: ';' expected.
@settler/react-settler:typecheck: src/utils/licensing.ts(165,17): error TS1005: ';' expected.
@settler/react-settler:typecheck: src/utils/licensing.ts(166,23): error TS1005: ';' expected.
@settler/react-settler:typecheck: src/utils/licensing.ts(167,26): error TS1005: ';' expected.
@settler/react-settler:typecheck: src/utils/licensing.ts(169,7): error TS1109: Expression expected.
@settler/react-settler:typecheck: src/utils/licensing.ts(170,13): error TS1005: '>' expected.
@settler/react-settler:typecheck: src/utils/licensing.ts(170,18): error TS1005: ';' expected.
@settler/react-settler:typecheck: src/utils/licensing.ts(170,41): error TS1005: ';' expected.
@settler/react-settler:typecheck: src/utils/licensing.ts(170,55): error TS1109: Expression expected.
@settler/react-settler:typecheck: src/utils/licensing.ts(171,19): error TS1005: ';' expected.
@settler/react-settler:typecheck: src/utils/licensing.ts(172,10): error TS1161: Unterminated regular expression literal.
@settler/react-settler:typecheck: src/utils/licensing.ts(173,12): error TS1005: ';' expected.
@settler/react-settler:typecheck: src/utils/licensing.ts(173,19): error TS1136: Property assignment expected.
@settler/react-settler:typecheck: src/utils/licensing.ts(173,51): error TS1005: ';' expected.
@settler/react-settler:typecheck: src/utils/licensing.ts(173,62): error TS1109: Expression expected.
@settler/react-settler:typecheck: src/utils/licensing.ts(175,10): error TS1161: Unterminated regular expression literal.
@settler/react-settler:typecheck: src/utils/licensing.ts(180,18): error TS1136: Property assignment expected.
@settler/react-settler:typecheck: src/utils/licensing.ts(182,20): error TS1005: ';' expected.
@settler/react-settler:typecheck: src/utils/licensing.ts(183,28): error TS1005: ';' expected.
@settler/react-settler:typecheck: src/utils/licensing.ts(184,18): error TS1005: ';' expected.
@settler/react-settler:typecheck: src/utils/licensing.ts(185,27): error TS1005: ';' expected.
@settler/react-settler:typecheck: src/utils/licensing.ts(186,25): error TS1005: ';' expected.
@settler/react-settler:typecheck: src/utils/licensing.ts(187,23): error TS1005: ';' expected.
@settler/react-settler:typecheck: src/utils/licensing.ts(188,12): error TS1128: Declaration or statement expected.
@settler/react-settler:typecheck: src/utils/licensing.ts(189,9): error TS1109: Expression expected.
@settler/react-settler:typecheck: src/utils/licensing.ts(190,16): error TS1005: ';' expected.
@settler/react-settler:typecheck: src/utils/licensing.ts(191,10): error TS1161: Unterminated regular expression literal.
@settler/react-settler:typecheck: src/utils/licensing.ts(192,8): error TS1161: Unterminated regular expression literal.
@settler/react-settler:typecheck: src/utils/licensing.ts(193,5): error TS1128: Declaration or statement expected.
@settler/react-settler:typecheck: src/utils/licensing.ts(194,3): error TS1128: Declaration or statement expected.
@settler/react-settler:typecheck: src/utils/licensing.ts(198,58): error TS1110: Type expected.
@settler/react-settler:typecheck: src/utils/licensing.ts(198,70): error TS1161: Unterminated regular expression literal.
@settler/react-settler:typecheck: src/utils/licensing.ts(200,1): error TS1128: Declaration or statement expected.
@settler/react-settler:typecheck: npm error Lifecycle script `typecheck` failed with error:
@settler/react-settler:typecheck: npm error code 2
@settler/react-settler:typecheck: npm error path /workspace/packages/react-settler
@settler/react-settler:typecheck: npm error workspace @settler/react-settler@0.1.0
@settler/react-settler:typecheck: npm error location /workspace/packages/react-settler
@settler/react-settler:typecheck: npm error command failed
@settler/react-settler:typecheck: npm error command sh -c tsc --noEmit
@settler/react-settler:typecheck: ERROR: command finished with error: command (/workspace/packages/react-settler) /home/ubuntu/.nvm/versions/node/v22.21.1/bin/npm run typecheck exited (2)
@settler/react-settler#typecheck: command (/workspace/packages/react-settler) /home/ubuntu/.nvm/versions/node/v22.21.1/bin/npm run typecheck exited (2)

 Tasks:    7 successful, 10 total
Cached:    0 cached, 10 total
  Time:    5.318s 
Failed:    @settler/react-settler#typecheck

 ERROR  run failed: command  exited (2)
