npm warn config optional Use `--omit=optional` to exclude optional dependencies, or
npm warn config `--include=optional` to include them.
npm warn config
npm warn config       Default value does install optional deps unless otherwise omitted.

> @settler/adapters@1.0.0 build
> tsc

src/paypal-enhanced.ts(8,70): error TS6133: 'WebhookVerificationResult' is declared but its value is never read.
src/paypal-enhanced.ts(10,1): error TS6133: 'crypto' is declared but its value is never read.
src/paypal-enhanced.ts(20,43): error TS6133: 'signature' is declared but its value is never read.
src/paypal-enhanced.ts(20,62): error TS6133: 'secret' is declared but its value is never read.
src/paypal-enhanced.ts(102,49): error TS6133: 'dateRange' is declared but its value is never read.
src/paypal-enhanced.ts(127,48): error TS6133: 'dateRange' is declared but its value is never read.
src/paypal-enhanced.ts(204,5): error TS2375: Type '{ id: string; tenantId: string; paymentId: any; provider: string; providerTransactionId: any; type: TransactionType; amount: { value: number; currency: any; }; netAmount: { value: number; currency: any; } | undefined; status: TransactionStatus; rawPayload: any; created_at: Date; updatedAt: Date; }' is not assignable to type 'Transaction' with 'exactOptionalPropertyTypes: true'. Consider adding 'undefined' to the types of the target's properties.
  Types of property 'netAmount' are incompatible.
    Type '{ value: number; currency: any; } | undefined' is not assignable to type 'Money'.
      Type 'undefined' is not assignable to type 'Money'.
src/paypal-enhanced.ts(278,23): error TS6133: 'oldVersion' is declared but its value is never read.
src/paypal.ts(8,13): error TS6133: 'dateRange' is declared but its value is never read.
src/paypal.ts(39,5): error TS2375: Type '{ id: string; amount: number; currency: string; date: Date; metadata: { custom: string | undefined; }; sourceId: string; referenceId: string | undefined; }' is not assignable to type 'NormalizedData' with 'exactOptionalPropertyTypes: true'. Consider adding 'undefined' to the types of the target's properties.
  Types of property 'referenceId' are incompatible.
    Type 'string | undefined' is not assignable to type 'string'.
      Type 'undefined' is not assignable to type 'string'.
src/paypal.ts(62,5): error TS2375: Type '{ valid: boolean; errors: string[] | undefined; }' is not assignable to type 'ValidationResult' with 'exactOptionalPropertyTypes: true'. Consider adding 'undefined' to the types of the target's properties.
  Types of property 'errors' are incompatible.
    Type 'string[] | undefined' is not assignable to type 'string[]'.
      Type 'undefined' is not assignable to type 'string[]'.
src/quickbooks.ts(8,13): error TS6133: 'dateRange' is declared but its value is never read.
src/quickbooks.ts(40,5): error TS2375: Type '{ id: string; amount: number; currency: string; date: Date; metadata: { doc_number: string | undefined; }; sourceId: string; referenceId: string | undefined; }' is not assignable to type 'NormalizedData' with 'exactOptionalPropertyTypes: true'. Consider adding 'undefined' to the types of the target's properties.
  Types of property 'referenceId' are incompatible.
    Type 'string | undefined' is not assignable to type 'string'.
      Type 'undefined' is not assignable to type 'string'.
src/quickbooks.ts(63,5): error TS2375: Type '{ valid: boolean; errors: string[] | undefined; }' is not assignable to type 'ValidationResult' with 'exactOptionalPropertyTypes: true'. Consider adding 'undefined' to the types of the target's properties.
  Types of property 'errors' are incompatible.
    Type 'string[] | undefined' is not assignable to type 'string[]'.
      Type 'undefined' is not assignable to type 'string[]'.
src/shopify.ts(8,13): error TS6133: 'dateRange' is declared but its value is never read.
src/shopify.ts(45,5): error TS2375: Type '{ id: string; amount: number; currency: string; date: Date; metadata: { order_name: string | undefined; customer_email: string | undefined; }; sourceId: string; referenceId: string | undefined; }' is not assignable to type 'NormalizedData' with 'exactOptionalPropertyTypes: true'. Consider adding 'undefined' to the types of the target's properties.
  Types of property 'referenceId' are incompatible.
    Type 'string | undefined' is not assignable to type 'string'.
      Type 'undefined' is not assignable to type 'string'.
src/shopify.ts(72,5): error TS2375: Type '{ valid: boolean; errors: string[] | undefined; }' is not assignable to type 'ValidationResult' with 'exactOptionalPropertyTypes: true'. Consider adding 'undefined' to the types of the target's properties.
  Types of property 'errors' are incompatible.
    Type 'string[] | undefined' is not assignable to type 'string[]'.
      Type 'undefined' is not assignable to type 'string[]'.
src/square-enhanced.ts(8,70): error TS6133: 'WebhookVerificationResult' is declared but its value is never read.
src/square-enhanced.ts(114,49): error TS6133: 'dateRange' is declared but its value is never read.
src/square-enhanced.ts(141,48): error TS6133: 'dateRange' is declared but its value is never read.
src/square-enhanced.ts(201,5): error TS2375: Type '{ id: string; tenantId: string; paymentId: any; provider: string; providerTransactionId: any; type: TransactionType; amount: { value: number; currency: any; }; netAmount: { value: number; currency: any; } | undefined; status: TransactionStatus; rawPayload: any; created_at: Date; updatedAt: Date; }' is not assignable to type 'Transaction' with 'exactOptionalPropertyTypes: true'. Consider adding 'undefined' to the types of the target's properties.
  Types of property 'netAmount' are incompatible.
    Type '{ value: number; currency: any; } | undefined' is not assignable to type 'Money'.
      Type 'undefined' is not assignable to type 'Money'.
src/square-enhanced.ts(275,23): error TS6133: 'oldVersion' is declared but its value is never read.
src/stripe-enhanced.ts(8,70): error TS6133: 'WebhookVerificationResult' is declared but its value is never read.
src/stripe-enhanced.ts(107,49): error TS6133: 'dateRange' is declared but its value is never read.
src/stripe-enhanced.ts(130,48): error TS6133: 'dateRange' is declared but its value is never read.
src/stripe-enhanced.ts(187,5): error TS2375: Type '{ id: string; tenantId: string; paymentId: any; provider: string; providerTransactionId: any; type: TransactionType; amount: { value: number; currency: any; }; netAmount: { value: number; currency: any; } | undefined; status: TransactionStatus; rawPayload: any; created_at: Date; updatedAt: Date; }' is not assignable to type 'Transaction' with 'exactOptionalPropertyTypes: true'. Consider adding 'undefined' to the types of the target's properties.
  Types of property 'netAmount' are incompatible.
    Type '{ value: number; currency: any; } | undefined' is not assignable to type 'Money'.
      Type 'undefined' is not assignable to type 'Money'.
src/stripe-enhanced.ts(261,23): error TS6133: 'oldVersion' is declared but its value is never read.
src/stripe.ts(8,13): error TS6133: 'dateRange' is declared but its value is never read.
src/stripe.ts(45,5): error TS2375: Type '{ id: string; amount: number; currency: string; date: Date; metadata: Record<string, unknown>; sourceId: string; referenceId: string | undefined; }' is not assignable to type 'NormalizedData' with 'exactOptionalPropertyTypes: true'. Consider adding 'undefined' to the types of the target's properties.
  Types of property 'referenceId' are incompatible.
    Type 'string | undefined' is not assignable to type 'string'.
      Type 'undefined' is not assignable to type 'string'.
src/stripe.ts(72,5): error TS2375: Type '{ valid: boolean; errors: string[] | undefined; }' is not assignable to type 'ValidationResult' with 'exactOptionalPropertyTypes: true'. Consider adding 'undefined' to the types of the target's properties.
  Types of property 'errors' are incompatible.
    Type 'string[] | undefined' is not assignable to type 'string[]'.
      Type 'undefined' is not assignable to type 'string[]'.
npm error Lifecycle script `build` failed with error:
npm error code 2
npm error path /workspace/packages/adapters
npm error workspace @settler/adapters@1.0.0
npm error location /workspace/packages/adapters
npm error command failed
npm error command sh -c tsc
