npm warn config optional Use `--omit=optional` to exclude optional dependencies, or
npm warn config `--include=optional` to include them.
npm warn config
npm warn config       Default value does install optional deps unless otherwise omitted.

> @settler/api@1.0.0 typecheck
> tsc --noEmit

src/application/sagas/SagaOrchestrator.ts(69,13): error TS6138: Property '_eventStore' is declared but its value is never read.
src/application/sagas/SagaOrchestrator.ts(71,13): error TS6138: Property '_eventBus' is declared but its value is never read.
src/application/sagas/ShopifyStripeReconciliationSaga.ts(216,17): error TS6133: '_matchingRules' is declared but its value is never read.
src/routes/dashboards.ts(266,13): error TS6133: '_userId' is declared but its value is never read.
src/routes/dashboards.ts(272,13): error TS6133: '_start' is declared but its value is never read.
src/routes/dashboards.ts(273,13): error TS6133: '_end' is declared but its value is never read.
src/routes/health.ts(16,16): error TS6133: 'checkDatabase' is declared but its value is never read.
src/routes/health.ts(29,16): error TS6133: 'checkConnectionPool' is declared but its value is never read.
src/routes/openapi.ts(372,30): error TS6133: 'req' is declared but its value is never read.
src/routes/openapi.ts(378,24): error TS6133: 'req' is declared but its value is never read.
src/routes/playground.ts(10,1): error TS6133: 'query' is declared but its value is never read.
src/routes/playground.ts(39,11): error TS6133: 'req' is declared but its value is never read.
src/routes/playground.ts(300,11): error TS6133: 'req' is declared but its value is never read.
src/routes/realtime.ts(6,18): error TS6133: 'Request' is declared but its value is never read.
src/routes/realtime.ts(10,1): error TS6133: 'handleRouteError' is declared but its value is never read.
src/routes/rules-editor.ts(13,1): error TS6133: 'query' is declared but its value is never read.
src/routes/rules-editor.ts(19,7): error TS6133: 'createRuleSchema' is declared but its value is never read.
src/routes/rules-editor.ts(256,3): error TS6133: 'rules' is declared but its value is never read.
src/routes/rules-editor.ts(354,3): error TS6133: 'useCase' is declared but its value is never read.
src/routes/users.ts(8,10): error TS6133: 'hashPassword' is declared but its value is never read.
src/routes/users.ts(9,19): error TS6133: 'logError' is declared but its value is never read.
src/routes/v1/fees.ts(14,23): error TS6133: 'sendError' is declared but its value is never read.
src/routes/v1/index.ts(31,26): error TS6133: 'req' is declared but its value is never read.
src/routes/v1/webhooks/receive.ts(11,1): error TS6133: 'AuthRequest' is declared but its value is never read.
src/routes/v1/webhooks/receive.ts(78,50): error TS6133: 'tenantId' is declared but its value is never read.
src/routes/v2/ai-agents.ts(29,24): error TS6133: 'req' is declared but its value is never read.
src/routes/v2/ai-agents.ts(183,29): error TS6133: 'req' is declared but its value is never read.
src/routes/v2/compliance.ts(108,33): error TS6133: 'req' is declared but its value is never read.
src/routes/v2/index.ts(31,26): error TS6133: 'req' is declared but its value is never read.
src/routes/v2/knowledge.ts(174,29): error TS6133: 'req' is declared but its value is never read.
src/routes/v2/network-effects.ts(107,45): error TS6133: 'req' is declared but its value is never read.
src/routes/v2/network-effects.ts(251,29): error TS6133: 'req' is declared but its value is never read.
src/routes/webhooks.ts(8,34): error TS6133: 'generateWebhookSignature' is declared but its value is never read.
src/services/adapter-connection-tester.ts(174,41): error TS6133: 'config' is declared but its value is never read.
src/services/adapter-connection-tester.ts(188,9): error TS6133: 'clientId' is declared but its value is never read.
src/services/adapter-connection-tester.ts(189,9): error TS6133: 'clientSecret' is declared but its value is never read.
src/services/ai-agents/anomaly-detector.ts(27,11): error TS6133: 'detectionRules' is declared but its value is never read.
src/services/ai-agents/infrastructure-optimizer.ts(12,1): error TS6133: 'register' is declared but its value is never read.
src/services/compliance/export-system.ts(157,5): error TS6133: 'jurisdiction' is declared but its value is never read.
src/services/compliance/export-system.ts(177,5): error TS6133: 'jurisdiction' is declared but its value is never read.
src/services/compliance/export-system.ts(233,5): error TS6133: 'data' is declared but its value is never read.
src/services/compliance/export-system.ts(234,5): error TS6133: 'format' is declared but its value is never read.
src/services/confidence-scoring.ts(155,9): error TS6133: 'shorter' is declared but its value is never read.
src/services/confidence-scoring.ts(215,18): error TS6133: 'breakdown' is declared but its value is never read.
src/services/knowledge/ai-assistant.ts(84,36): error TS6133: 'question' is declared but its value is never read.
src/services/knowledge/decision-log.ts(242,15): error TS6133: 'content' is declared but its value is never read.
src/services/network-effects/performance-pools.ts(122,40): error TS6133: 'useCase' is declared but its value is never read.
src/services/reconciliation-graph/graph-engine-supabase.ts(19,11): error TS6133: 'nodesChannel' is declared but its value is never read.
src/services/reconciliation-graph/graph-engine-supabase.ts(41,11): error TS6133: 'edgesChannel' is declared but its value is never read.
src/services/reconciliation-graph/graph-engine-supabase.ts(111,17): error TS6133: 'jobId' is declared but its value is never read.
src/services/reconciliation-graph/graph-engine.ts(8,83): error TS6133: 'GraphUpdate' is declared but its value is never read.
src/services/reconciliation-graph/graph-engine.ts(90,11): error TS6133: 'sourceNodes' is declared but its value is never read.
src/utils/adapter-config-validator.ts(7,1): error TS6133: 'z' is declared but its value is never read.
src/utils/error-standardization.ts(7,1): error TS6133: 'AuthRequest' is declared but its value is never read.
src/utils/pagination.ts(69,9): error TS6133: 'limit' is declared but its value is never read.
src/utils/route-validator.ts(7,19): error TS6133: 'logWarn' is declared but its value is never read.
src/utils/route-validator.ts(26,32): error TS6133: 'app' is declared but its value is never read.
npm error Lifecycle script `typecheck` failed with error:
npm error code 1
npm error path /workspace/packages/api
npm error workspace @settler/api@1.0.0
npm error location /workspace/packages/api
npm error command failed
npm error command sh -c tsc --noEmit
